c:\users\zach\onedrive\documents\github\lab1\3_tilemapbuild\lib\sfml\src\sfml\system\sfml-system.dir\debug\vc142.pdb
c:\users\zach\onedrive\documents\github\lab1\3_tilemapbuild\lib\sfml\src\sfml\system\sfml-system.dir\debug\threadlocalimpl.obj
c:\users\zach\onedrive\documents\github\lab1\3_tilemapbuild\lib\sfml\src\sfml\system\sfml-system.dir\debug\threadimpl.obj
c:\users\zach\onedrive\documents\github\lab1\3_tilemapbuild\lib\sfml\src\sfml\system\sfml-system.dir\debug\sleepimpl.obj
c:\users\zach\onedrive\documents\github\lab1\3_tilemapbuild\lib\sfml\src\sfml\system\sfml-system.dir\debug\muteximpl.obj
c:\users\zach\onedrive\documents\github\lab1\3_tilemapbuild\lib\sfml\src\sfml\system\sfml-system.dir\debug\clockimpl.obj
c:\users\zach\onedrive\documents\github\lab1\3_tilemapbuild\lib\sfml\src\sfml\system\sfml-system.dir\debug\memoryinputstream.obj
c:\users\zach\onedrive\documents\github\lab1\3_tilemapbuild\lib\sfml\src\sfml\system\sfml-system.dir\debug\fileinputstream.obj
c:\users\zach\onedrive\documents\github\lab1\3_tilemapbuild\lib\sfml\src\sfml\system\sfml-system.dir\debug\time.obj
c:\users\zach\onedrive\documents\github\lab1\3_tilemapbuild\lib\sfml\src\sfml\system\sfml-system.dir\debug\threadlocal.obj
c:\users\zach\onedrive\documents\github\lab1\3_tilemapbuild\lib\sfml\src\sfml\system\sfml-system.dir\debug\thread.obj
c:\users\zach\onedrive\documents\github\lab1\3_tilemapbuild\lib\sfml\src\sfml\system\sfml-system.dir\debug\string.obj
c:\users\zach\onedrive\documents\github\lab1\3_tilemapbuild\lib\sfml\src\sfml\system\sfml-system.dir\debug\sleep.obj
c:\users\zach\onedrive\documents\github\lab1\3_tilemapbuild\lib\sfml\src\sfml\system\sfml-system.dir\debug\mutex.obj
c:\users\zach\onedrive\documents\github\lab1\3_tilemapbuild\lib\sfml\src\sfml\system\sfml-system.dir\debug\lock.obj
c:\users\zach\onedrive\documents\github\lab1\3_tilemapbuild\lib\sfml\src\sfml\system\sfml-system.dir\debug\err.obj
c:\users\zach\onedrive\documents\github\lab1\3_tilemapbuild\lib\sfml\src\sfml\system\sfml-system.dir\debug\clock.obj
c:\users\zach\onedrive\documents\github\lab1\3_tilemapbuild\lib\sfml\src\sfml\system\cmakefiles\generate.stamp
c:\users\zach\onedrive\documents\github\lab1\3_tilemapbuild\bin\debug\sfml-system-d-2.ilk
c:\users\zach\onedrive\documents\github\lab1\3_tilemapbuild\bin\debug\sfml-system-d-2.dll
c:\users\zach\onedrive\documents\github\lab1\3_tilemapbuild\lib\sfml\lib\debug\sfml-system.pdb
c:\users\zach\onedrive\documents\github\lab1\3_tilemapbuild\lib\sfml\lib\debug\sfml-system-d.lib
c:\users\zach\onedrive\documents\github\lab1\3_tilemapbuild\lib\sfml\lib\debug\sfml-system-d.exp
c:\users\zach\onedrive\documents\github\lab1\3_tilemapbuild\lib\sfml\src\sfml\system\sfml-system.dir\debug\sfml-system.tlog\cl.command.1.tlog
c:\users\zach\onedrive\documents\github\lab1\3_tilemapbuild\lib\sfml\src\sfml\system\sfml-system.dir\debug\sfml-system.tlog\cl.read.1.tlog
c:\users\zach\onedrive\documents\github\lab1\3_tilemapbuild\lib\sfml\src\sfml\system\sfml-system.dir\debug\sfml-system.tlog\cl.write.1.tlog
c:\users\zach\onedrive\documents\github\lab1\3_tilemapbuild\lib\sfml\src\sfml\system\sfml-system.dir\debug\sfml-system.tlog\custombuild.command.1.tlog
c:\users\zach\onedrive\documents\github\lab1\3_tilemapbuild\lib\sfml\src\sfml\system\sfml-system.dir\debug\sfml-system.tlog\custombuild.read.1.tlog
c:\users\zach\onedrive\documents\github\lab1\3_tilemapbuild\lib\sfml\src\sfml\system\sfml-system.dir\debug\sfml-system.tlog\custombuild.write.1.tlog
c:\users\zach\onedrive\documents\github\lab1\3_tilemapbuild\lib\sfml\src\sfml\system\sfml-system.dir\debug\sfml-system.tlog\link.command.1.tlog
c:\users\zach\onedrive\documents\github\lab1\3_tilemapbuild\lib\sfml\src\sfml\system\sfml-system.dir\debug\sfml-system.tlog\link.read.1.tlog
c:\users\zach\onedrive\documents\github\lab1\3_tilemapbuild\lib\sfml\src\sfml\system\sfml-system.dir\debug\sfml-system.tlog\link.write.1.tlog
c:\users\zach\onedrive\documents\github\lab1\3_tilemapbuild\lib\sfml\src\sfml\system\sfml-system.dir\debug\sfml-system.tlog\sfml-system.write.1u.tlog
