c:\users\zach\onedrive\documents\github\lab1\3_tilemapbuild\lib\sfml\src\sfml\network\sfml-network.dir\debug\vc142.pdb
c:\users\zach\onedrive\documents\github\lab1\3_tilemapbuild\lib\sfml\src\sfml\network\sfml-network.dir\debug\socketimpl.obj
c:\users\zach\onedrive\documents\github\lab1\3_tilemapbuild\lib\sfml\src\sfml\network\sfml-network.dir\debug\udpsocket.obj
c:\users\zach\onedrive\documents\github\lab1\3_tilemapbuild\lib\sfml\src\sfml\network\sfml-network.dir\debug\tcpsocket.obj
c:\users\zach\onedrive\documents\github\lab1\3_tilemapbuild\lib\sfml\src\sfml\network\sfml-network.dir\debug\tcplistener.obj
c:\users\zach\onedrive\documents\github\lab1\3_tilemapbuild\lib\sfml\src\sfml\network\sfml-network.dir\debug\socketselector.obj
c:\users\zach\onedrive\documents\github\lab1\3_tilemapbuild\lib\sfml\src\sfml\network\sfml-network.dir\debug\socket.obj
c:\users\zach\onedrive\documents\github\lab1\3_tilemapbuild\lib\sfml\src\sfml\network\sfml-network.dir\debug\packet.obj
c:\users\zach\onedrive\documents\github\lab1\3_tilemapbuild\lib\sfml\src\sfml\network\sfml-network.dir\debug\ipaddress.obj
c:\users\zach\onedrive\documents\github\lab1\3_tilemapbuild\lib\sfml\src\sfml\network\sfml-network.dir\debug\http.obj
c:\users\zach\onedrive\documents\github\lab1\3_tilemapbuild\lib\sfml\src\sfml\network\sfml-network.dir\debug\ftp.obj
c:\users\zach\onedrive\documents\github\lab1\3_tilemapbuild\lib\sfml\src\sfml\network\cmakefiles\generate.stamp
c:\users\zach\onedrive\documents\github\lab1\3_tilemapbuild\bin\debug\sfml-network-d-2.ilk
c:\users\zach\onedrive\documents\github\lab1\3_tilemapbuild\bin\debug\sfml-network-d-2.dll
c:\users\zach\onedrive\documents\github\lab1\3_tilemapbuild\lib\sfml\lib\debug\sfml-network.pdb
c:\users\zach\onedrive\documents\github\lab1\3_tilemapbuild\lib\sfml\lib\debug\sfml-network-d.lib
c:\users\zach\onedrive\documents\github\lab1\3_tilemapbuild\lib\sfml\lib\debug\sfml-network-d.exp
c:\users\zach\onedrive\documents\github\lab1\3_tilemapbuild\lib\sfml\src\sfml\network\sfml-network.dir\debug\sfml-network.tlog\cl.command.1.tlog
c:\users\zach\onedrive\documents\github\lab1\3_tilemapbuild\lib\sfml\src\sfml\network\sfml-network.dir\debug\sfml-network.tlog\cl.read.1.tlog
c:\users\zach\onedrive\documents\github\lab1\3_tilemapbuild\lib\sfml\src\sfml\network\sfml-network.dir\debug\sfml-network.tlog\cl.write.1.tlog
c:\users\zach\onedrive\documents\github\lab1\3_tilemapbuild\lib\sfml\src\sfml\network\sfml-network.dir\debug\sfml-network.tlog\custombuild.command.1.tlog
c:\users\zach\onedrive\documents\github\lab1\3_tilemapbuild\lib\sfml\src\sfml\network\sfml-network.dir\debug\sfml-network.tlog\custombuild.read.1.tlog
c:\users\zach\onedrive\documents\github\lab1\3_tilemapbuild\lib\sfml\src\sfml\network\sfml-network.dir\debug\sfml-network.tlog\custombuild.write.1.tlog
c:\users\zach\onedrive\documents\github\lab1\3_tilemapbuild\lib\sfml\src\sfml\network\sfml-network.dir\debug\sfml-network.tlog\link.command.1.tlog
c:\users\zach\onedrive\documents\github\lab1\3_tilemapbuild\lib\sfml\src\sfml\network\sfml-network.dir\debug\sfml-network.tlog\link.read.1.tlog
c:\users\zach\onedrive\documents\github\lab1\3_tilemapbuild\lib\sfml\src\sfml\network\sfml-network.dir\debug\sfml-network.tlog\link.write.1.tlog
c:\users\zach\onedrive\documents\github\lab1\3_tilemapbuild\lib\sfml\src\sfml\network\sfml-network.dir\debug\sfml-network.tlog\sfml-network.write.1u.tlog
