c:\users\zach\onedrive\documents\github\lab1\3_tilemapbuild\3_tilemap.dir\debug\vc142.pdb
c:\users\zach\onedrive\documents\github\lab1\3_tilemapbuild\3_tilemap.dir\debug\main.obj
c:\users\zach\onedrive\documents\github\lab1\3_tilemapbuild\3_tilemap.dir\debug\player.obj
c:\users\zach\onedrive\documents\github\lab1\3_tilemapbuild\3_tilemap.dir\debug\entitiy.obj
c:\users\zach\onedrive\documents\github\lab1\3_tilemapbuild\cmakefiles\generate.stamp
c:\users\zach\onedrive\documents\github\lab1\3_tilemapbuild\bin\debug\3_tilemap.pdb
c:\users\zach\onedrive\documents\github\lab1\3_tilemapbuild\3_tilemap.dir\debug\3_tilemap.tlog\cl.command.1.tlog
c:\users\zach\onedrive\documents\github\lab1\3_tilemapbuild\3_tilemap.dir\debug\3_tilemap.tlog\cl.read.1.tlog
c:\users\zach\onedrive\documents\github\lab1\3_tilemapbuild\3_tilemap.dir\debug\3_tilemap.tlog\cl.write.1.tlog
c:\users\zach\onedrive\documents\github\lab1\3_tilemapbuild\3_tilemap.dir\debug\3_tilemap.tlog\custombuild.command.1.tlog
c:\users\zach\onedrive\documents\github\lab1\3_tilemapbuild\3_tilemap.dir\debug\3_tilemap.tlog\custombuild.read.1.tlog
c:\users\zach\onedrive\documents\github\lab1\3_tilemapbuild\3_tilemap.dir\debug\3_tilemap.tlog\custombuild.write.1.tlog
c:\users\zach\onedrive\documents\github\lab1\3_tilemapbuild\3_tilemap.dir\debug\3_tilemap.tlog\link-cvtres.read.1.tlog
c:\users\zach\onedrive\documents\github\lab1\3_tilemapbuild\3_tilemap.dir\debug\3_tilemap.tlog\link-cvtres.write.1.tlog
c:\users\zach\onedrive\documents\github\lab1\3_tilemapbuild\3_tilemap.dir\debug\3_tilemap.tlog\link-rc.read.1.tlog
c:\users\zach\onedrive\documents\github\lab1\3_tilemapbuild\3_tilemap.dir\debug\3_tilemap.tlog\link-rc.write.1.tlog
c:\users\zach\onedrive\documents\github\lab1\3_tilemapbuild\3_tilemap.dir\debug\3_tilemap.tlog\link.18484-cvtres.read.1.tlog
c:\users\zach\onedrive\documents\github\lab1\3_tilemapbuild\3_tilemap.dir\debug\3_tilemap.tlog\link.18484-cvtres.write.1.tlog
c:\users\zach\onedrive\documents\github\lab1\3_tilemapbuild\3_tilemap.dir\debug\3_tilemap.tlog\link.18484-rc.read.1.tlog
c:\users\zach\onedrive\documents\github\lab1\3_tilemapbuild\3_tilemap.dir\debug\3_tilemap.tlog\link.18484-rc.write.1.tlog
c:\users\zach\onedrive\documents\github\lab1\3_tilemapbuild\3_tilemap.dir\debug\3_tilemap.tlog\link.18484.read.1.tlog
c:\users\zach\onedrive\documents\github\lab1\3_tilemapbuild\3_tilemap.dir\debug\3_tilemap.tlog\link.18484.read.2.tlog
c:\users\zach\onedrive\documents\github\lab1\3_tilemapbuild\3_tilemap.dir\debug\3_tilemap.tlog\link.18484.write.1.tlog
c:\users\zach\onedrive\documents\github\lab1\3_tilemapbuild\3_tilemap.dir\debug\3_tilemap.tlog\link.command.1.tlog
c:\users\zach\onedrive\documents\github\lab1\3_tilemapbuild\3_tilemap.dir\debug\3_tilemap.tlog\link.read.1.tlog
c:\users\zach\onedrive\documents\github\lab1\3_tilemapbuild\3_tilemap.dir\debug\3_tilemap.tlog\link.read.2.tlog
c:\users\zach\onedrive\documents\github\lab1\3_tilemapbuild\3_tilemap.dir\debug\3_tilemap.tlog\link.write.1.tlog
