  Building Custom Rule C:/Users/Zach/OneDrive/Documents/GitHub/lab1/lib/sfml/src/SFML/System/CMakeLists.txt
  Clock.cpp
  Err.cpp
  Lock.cpp
  Mutex.cpp
  Sleep.cpp
  String.cpp
  Thread.cpp
  ThreadLocal.cpp
  Time.cpp
  FileInputStream.cpp
  MemoryInputStream.cpp
  ClockImpl.cpp
C:\Users\Zach\OneDrive\Documents\GitHub\lab1\lib\sfml\src\SFML\System\Win32\ClockImpl.cpp(46,35): warning C4996: 'GetVersion': was declared deprecated
  MutexImpl.cpp
  SleepImpl.cpp
  ThreadImpl.cpp
  ThreadLocalImpl.cpp
  Generating Code...
     Creating library C:/Users/Zach/OneDrive/Documents/GitHub/lab1/2_invadersBuild/lib/sfml/lib/Debug/sfml-system-d.lib and object C:/Users/Zach/OneDrive/Documents/GitHub/lab1/2_invadersBuild/lib/sfml/lib/Debug/sfml-system-d.exp
  sfml-system.vcxproj -> C:\Users\Zach\OneDrive\Documents\GitHub\lab1\2_invadersBuild\bin\Debug\sfml-system-d-2.dll
