c:\users\zach\onedrive\documents\github\lab1\3_tilemapbuild\lib\sfml\src\sfml\graphics\sfml-graphics.dir\debug\vc142.pdb
c:\users\zach\onedrive\documents\github\lab1\3_tilemapbuild\lib\sfml\src\sfml\graphics\sfml-graphics.dir\debug\shape.obj
c:\users\zach\onedrive\documents\github\lab1\3_tilemapbuild\lib\sfml\src\sfml\graphics\sfml-graphics.dir\debug\vertex.obj
c:\users\zach\onedrive\documents\github\lab1\3_tilemapbuild\lib\sfml\src\sfml\graphics\sfml-graphics.dir\debug\view.obj
c:\users\zach\onedrive\documents\github\lab1\3_tilemapbuild\lib\sfml\src\sfml\graphics\sfml-graphics.dir\debug\transformable.obj
c:\users\zach\onedrive\documents\github\lab1\3_tilemapbuild\lib\sfml\src\sfml\graphics\sfml-graphics.dir\debug\transform.obj
c:\users\zach\onedrive\documents\github\lab1\3_tilemapbuild\lib\sfml\src\sfml\graphics\sfml-graphics.dir\debug\texturesaver.obj
c:\users\zach\onedrive\documents\github\lab1\3_tilemapbuild\lib\sfml\src\sfml\graphics\sfml-graphics.dir\debug\texture.obj
c:\users\zach\onedrive\documents\github\lab1\3_tilemapbuild\lib\sfml\src\sfml\graphics\sfml-graphics.dir\debug\shader.obj
c:\users\zach\onedrive\documents\github\lab1\3_tilemapbuild\lib\sfml\src\sfml\graphics\sfml-graphics.dir\debug\renderwindow.obj
c:\users\zach\onedrive\documents\github\lab1\3_tilemapbuild\lib\sfml\src\sfml\graphics\sfml-graphics.dir\debug\rendertarget.obj
c:\users\zach\onedrive\documents\github\lab1\3_tilemapbuild\lib\sfml\src\sfml\graphics\sfml-graphics.dir\debug\rendertexture.obj
c:\users\zach\onedrive\documents\github\lab1\3_tilemapbuild\lib\sfml\src\sfml\graphics\sfml-graphics.dir\debug\renderstates.obj
c:\users\zach\onedrive\documents\github\lab1\3_tilemapbuild\lib\sfml\src\sfml\graphics\sfml-graphics.dir\debug\imageloader.obj
c:\users\zach\onedrive\documents\github\lab1\3_tilemapbuild\lib\sfml\src\sfml\graphics\sfml-graphics.dir\debug\image.obj
c:\users\zach\onedrive\documents\github\lab1\3_tilemapbuild\lib\sfml\src\sfml\graphics\sfml-graphics.dir\debug\glextensions.obj
c:\users\zach\onedrive\documents\github\lab1\3_tilemapbuild\lib\sfml\src\sfml\graphics\sfml-graphics.dir\debug\glcheck.obj
c:\users\zach\onedrive\documents\github\lab1\3_tilemapbuild\lib\sfml\src\sfml\graphics\sfml-graphics.dir\debug\glsl.obj
c:\users\zach\onedrive\documents\github\lab1\3_tilemapbuild\lib\sfml\src\sfml\graphics\sfml-graphics.dir\debug\font.obj
c:\users\zach\onedrive\documents\github\lab1\3_tilemapbuild\lib\sfml\src\sfml\graphics\sfml-graphics.dir\debug\color.obj
c:\users\zach\onedrive\documents\github\lab1\3_tilemapbuild\lib\sfml\src\sfml\graphics\sfml-graphics.dir\debug\blendmode.obj
c:\users\zach\onedrive\documents\github\lab1\3_tilemapbuild\lib\sfml\src\sfml\graphics\sfml-graphics.dir\debug\rendertextureimpldefault.obj
c:\users\zach\onedrive\documents\github\lab1\3_tilemapbuild\lib\sfml\src\sfml\graphics\sfml-graphics.dir\debug\rendertextureimplfbo.obj
c:\users\zach\onedrive\documents\github\lab1\3_tilemapbuild\lib\sfml\src\sfml\graphics\sfml-graphics.dir\debug\rendertextureimpl.obj
c:\users\zach\onedrive\documents\github\lab1\3_tilemapbuild\lib\sfml\src\sfml\graphics\sfml-graphics.dir\debug\vertexbuffer.obj
c:\users\zach\onedrive\documents\github\lab1\3_tilemapbuild\lib\sfml\src\sfml\graphics\sfml-graphics.dir\debug\vertexarray.obj
c:\users\zach\onedrive\documents\github\lab1\3_tilemapbuild\lib\sfml\src\sfml\graphics\sfml-graphics.dir\debug\text.obj
c:\users\zach\onedrive\documents\github\lab1\3_tilemapbuild\lib\sfml\src\sfml\graphics\sfml-graphics.dir\debug\sprite.obj
c:\users\zach\onedrive\documents\github\lab1\3_tilemapbuild\lib\sfml\src\sfml\graphics\sfml-graphics.dir\debug\convexshape.obj
c:\users\zach\onedrive\documents\github\lab1\3_tilemapbuild\lib\sfml\src\sfml\graphics\sfml-graphics.dir\debug\rectangleshape.obj
c:\users\zach\onedrive\documents\github\lab1\3_tilemapbuild\lib\sfml\src\sfml\graphics\sfml-graphics.dir\debug\circleshape.obj
c:\users\zach\onedrive\documents\github\lab1\3_tilemapbuild\lib\sfml\src\sfml\graphics\cmakefiles\generate.stamp
c:\users\zach\onedrive\documents\github\lab1\3_tilemapbuild\bin\debug\sfml-graphics-d-2.ilk
c:\users\zach\onedrive\documents\github\lab1\3_tilemapbuild\bin\debug\sfml-graphics-d-2.dll
c:\users\zach\onedrive\documents\github\lab1\3_tilemapbuild\lib\sfml\lib\debug\sfml-graphics.pdb
c:\users\zach\onedrive\documents\github\lab1\3_tilemapbuild\lib\sfml\lib\debug\sfml-graphics-d.lib
c:\users\zach\onedrive\documents\github\lab1\3_tilemapbuild\lib\sfml\lib\debug\sfml-graphics-d.exp
c:\users\zach\onedrive\documents\github\lab1\3_tilemapbuild\lib\sfml\src\sfml\graphics\sfml-graphics.dir\debug\sfml-graphics.tlog\cl.command.1.tlog
c:\users\zach\onedrive\documents\github\lab1\3_tilemapbuild\lib\sfml\src\sfml\graphics\sfml-graphics.dir\debug\sfml-graphics.tlog\cl.read.1.tlog
c:\users\zach\onedrive\documents\github\lab1\3_tilemapbuild\lib\sfml\src\sfml\graphics\sfml-graphics.dir\debug\sfml-graphics.tlog\cl.write.1.tlog
c:\users\zach\onedrive\documents\github\lab1\3_tilemapbuild\lib\sfml\src\sfml\graphics\sfml-graphics.dir\debug\sfml-graphics.tlog\custombuild.command.1.tlog
c:\users\zach\onedrive\documents\github\lab1\3_tilemapbuild\lib\sfml\src\sfml\graphics\sfml-graphics.dir\debug\sfml-graphics.tlog\custombuild.read.1.tlog
c:\users\zach\onedrive\documents\github\lab1\3_tilemapbuild\lib\sfml\src\sfml\graphics\sfml-graphics.dir\debug\sfml-graphics.tlog\custombuild.write.1.tlog
c:\users\zach\onedrive\documents\github\lab1\3_tilemapbuild\lib\sfml\src\sfml\graphics\sfml-graphics.dir\debug\sfml-graphics.tlog\link.command.1.tlog
c:\users\zach\onedrive\documents\github\lab1\3_tilemapbuild\lib\sfml\src\sfml\graphics\sfml-graphics.dir\debug\sfml-graphics.tlog\link.read.1.tlog
c:\users\zach\onedrive\documents\github\lab1\3_tilemapbuild\lib\sfml\src\sfml\graphics\sfml-graphics.dir\debug\sfml-graphics.tlog\link.write.1.tlog
c:\users\zach\onedrive\documents\github\lab1\3_tilemapbuild\lib\sfml\src\sfml\graphics\sfml-graphics.dir\debug\sfml-graphics.tlog\sfml-graphics.write.1u.tlog
