  Building Custom Rule C:/Users/Zach/OneDrive/Documents/GitHub/lab1/lib/sfml/src/SFML/Audio/CMakeLists.txt
  ALCheck.cpp
  AlResource.cpp
  AudioDevice.cpp
  Listener.cpp
  Music.cpp
  Sound.cpp
  SoundBuffer.cpp
  SoundBufferRecorder.cpp
  InputSoundFile.cpp
  OutputSoundFile.cpp
  SoundRecorder.cpp
  SoundSource.cpp
  SoundStream.cpp
  SoundFileFactory.cpp
  SoundFileReaderFlac.cpp
  SoundFileReaderOgg.cpp
  SoundFileReaderWav.cpp
  SoundFileWriterFlac.cpp
  SoundFileWriterOgg.cpp
  SoundFileWriterWav.cpp
  Generating Code...
     Creating library C:/Users/Zach/OneDrive/Documents/GitHub/lab1/2_invadersBuild/lib/sfml/lib/Debug/sfml-audio-d.lib and object C:/Users/Zach/OneDrive/Documents/GitHub/lab1/2_invadersBuild/lib/sfml/lib/Debug/sfml-audio-d.exp
  sfml-audio.vcxproj -> C:\Users\Zach\OneDrive\Documents\GitHub\lab1\2_invadersBuild\bin\Debug\sfml-audio-d-2.dll
